µŠQÕ†QÕ†IÿÒÈ›þòþþòþþþþúnæòþþòþþþþúîžþþò?

>atz
ELM327 v1.5>atl1OK

>atl1
OK

>ath1
OK

>ats1
OK

>atal
OK

>atsp1
OK

>atma
81 29 60 02 00 00 11 
81 7B 60 02 00 4C 
81 7B 60 02 00 4C 81 29 60 02 00 00 11 
81 7B 60 02 00 4C 
81 7B 60 02 00 4C 
81 7B 60 02 00 4C 
81 29 60 02 00 00 11 
81 29 60 02 00 00 11 81 7B 60 02 00 4C 
81 7B 60 02 00 4C 
81 7B 60 02 00 4C 
81 3D 
81 29 60 02 00 00 11 
81 7B 60 02 00 4C 
81 7B 60 02 00 4C2 00 4C 
41 87 60 04 08 B1 
81 29 60 02 00 00 11 
81 7B 60 02 00 4C 
81 7B 60 02 00 4C 
81 7B 60 02 00 4C 
81 29 60 02 00 81 29 60 02 00 00 11 
81 7B 60 02 00 4C 
81 7B 60 02 00 4C 
881 29 60 02 00 00 11 
81 7B 60 02 00 4C 
81 7B 60 02 00 4C 
881 29 60 02 00 00 11 
81 3B 60 04 00 6D 
81 3B 60 04 00 6D 
8 04 00 6D 
81 29 60 02 00 00 11 
81 7B 60 02 00 4C 
81 7B 60 02 00 4C 
81 29 60 02 00 00 11 
41 87 60 04 08 B1 
81 7B 60 02 00 4C 
81 7B 60 02 00 4C 
81 7B 60 02 00 4C 
81 29 60 02 0081 29 60 02 00 00 11 
81 7B 60 02 00 4C 
81 7B 60 02 00 4C 
881 29 60 02 00 00 11 
81 7B 60 02 00 4C 
81 7B 60 02 00 4C 
81 7B 60 02 00 4C 
81 29 60 02 00 00 11 
81 7B 60 02 00 4C 
8102 00 4C 
81 29 60 02 00 00 11 
81 3B 60 04 00 6D 
81 3B 60 081 3B 60 04 00 6D 
81 29 60 02 00 00 11 
81 7B 60 02 00 4C 
81 7B 60 02 00 4C 
81 7B 60 02 00 4C 
41 87 60 04 08 B1 
81 2981 7B 60 02 00 4C 
81 7B 60 02 00 4C 
81 7B 60 02 00 4C 
81 281 29 60 02 00 00 11 
81 7B 60 02 00 4C 
81 7B 60 02 00 4C 
881 29 60 02 00 00 11 
81 7B 60 02 00 4C 
81 7B 60 02 00 4C 
8 02 00 4C 
81 29 60 02 00 00 11 
81 3B 60 04 00 6D 
81 3B 60 0 6D 
81 3B 60 04 00 6D 
81 7B 60 02 00 4C 
81 7B 60 02 00 4C81 29 60 02 00 00 11 
41 87 60 04 08 B1 
81 7B 60 02 00 4C 
881 29 60 02 00 00 11 
81 7B 60 02 00 4C 
81 7B 60 02 00 4C 
881 29 60 02 00 00 11 
81 29 60 02 00 00 11 
81 7B 60 02 00 4C 0 02 00 4C 
81 29 60 02 00 00 11 
81 7B 60 02 00 4C 
81 7B 6081 3B 60 04 00 6D 
81 3B 60 04 00 6D 
81 3B 60 04 00 6D 
81 281 7B 60 02 00 4C 
81 7B 60 02 00 4C 
81 7B 60 02 00 4C 
81 29 60 02 00 00 11 
41 87 60 04 08 B1 
81 29 60 02 00 00 11 
812 00 4C 
81 7B 60 02 00 4C 
81 29 60 02 00 00 11 
81 7B 60 0260 02 00 4C 
81 29 60 02 00 00 11 
81 29 60 02 00 00 11 
81 7B 60 02 00 4C 
81 7B 60 02 00 4C 
81 7B 60 02 00 4C 
81 29 60 11 
81 3B 60 04 00 6D 
81 3B 60 04 00 6D 
81 3B 60 04 00 6D 81 7B 60 02 00 4C 
81 7B 60 02 00 4C 
81 7B 60 02 00 4C 
81 2A1 8D 60 01 00 01 00 00 00 00 FF 
A1 8D 60 01 00 01 00 00 00 0000 00 00 FF 
41 87 60 04 08 B1 
81 29 60 02 00 00 11 
81 7B 6 02 00 4C 
81 7B 60 02 00 4C 
81 29 60 02 00 00 11 
A1 8D 60  01 00 01 00 00 00 00 FF 
A1 8D 60 01 00 01 00 00 00 00 FF 
81 60 02 00 4C 
81 29 60 02 00 00 11 
81 7B 60 02 00 4C 
81 7B 81 29 60 02 00 00 11 
81 29 60 02 00 00 11 
81 7B 60 02 00 4C 81 3B 60 04 00 6D 
81 3B 60 04 00 6D 
81 3B 60 04 00 6D 
81 29 60 02 00 00 11 
81 7B 60 02 00 4C 
81 7B 60 02 00 4C 
81 7B81 29 60 02 00 00 11 
41 87 60 04 08 B1 
81 29 60 02 00 00 11 81 7B 60 02 00 4C 
81 7B 60 02 00 4C 
81 7B 60 02 00 4C 
81 281 7B 60 02 00 4C 
81 7B 60 02 00 4C 
81 7B 60 02 00 4C 
81 200 11 
81 7B 60 02 00 4C 
81 7B 60 02 00 4C 
81 7B 60 02 00 4C 
81 29 60 02 00 00 11 
81 29 60 02 00 00 11 
81 3B 60 04 0081 7B 60 02 00 4C 
81 7B 60 02 00 4C 
81 7B 60 02 00 4C 
81 29 60 02 00 00 11 
41 87 60 04 08 B1 
81 7B 60 02 00 4C 
81 7B7B 60 02 00 4C 
81 29 60 02 00 00 11 
81 29 60 02 00 00 11 
8
81 29 60 02 00 00 11 
81 7B 60 02 00 4C 
81 7B 60 02 00 4C 81 29 60 02 00 00 11 
81 7B 60 02 00 4C 
81 7B 60 02 00 4C 
881 3B 60 04 00 6D 
81 3B 60 04 00 6D 
81 3B 60 04 00 6D 
81 281 7B 60 02 00 4C 
81 7B 60 02 00 4C 
81 7B 60 02 00 4C 
41 87 60 04 08 B1 
81 29 60 02 00 00 11 
81 7B 60 02 00 4C 
81 7B 60 02 00 4C 
81 7B 60 02 00 4C 
81 29 60 02 00 00 11 
81 29 81 7B 60 02 00 4C 
81 7B 60 02 00 4C 
81 7B 60 02 00 4C 
81 281 7B 60 02 00 4C 
81 7B 60 02 00 4C 
81 7B 60 02 00 4C 
81 2 11 
81 3B 60 04 00 6D 
81 3B 60 04 00 6D 
81 3B 60 04 00 6D 81 7B 60 02 00 4C 
81 7B 60 02 00 4C 
81 7B 60 02 00 4C 
81 281 29 60 02 00 00 11 
41 87 60 04 08 B1 
81 7B 60 02 00 4C 
84C 
81 29 60 02 00 00 11 
81 7B 60 02 00 4C 
81 7B 60 02 00 481 29 60 02 00 00 11 
81 29 60 02 00 00 11 
81 7B 60 02 00 4C  60 02 00 4C 
81 7B 60 02 00 4C 
81 29 60 02 00 00 11 
81 7B 81 7B 60 02 00 4C 
81 29 60 02 00 00 11 
81 3B 60 04 00 6D 
81 3B 60 04 00 6D 
81 29 60 02 00 00 11 
81 7B 60 02 00 4C 
81 7B 60 02 00 4C 
81 7B 60 02 00 4C 
41 87 60 04 08 B1 
81 29 81 7B 60 02 00 4C 
81 7B 60 02 00 4C 
81 7B 60 02 00 4C 
81 281 7B 60 02 00 4C 
81 7B 60 02 00 4C 
81 7B 60 02 00 4C 
81 200 11 
81 29 60 02 00 00 11 
81 7B 60 02 00 4C 
81 7B 60 02 0
81 7B 60 02 00 4C 
81 29 60 02 00 00 11 
81 3B 60 04 00 6D 
81 3B 60 04 00 6D 
81 3B 60 04 00 6D 
81 7B 60 02 00 4C 
81 7 4C 
81 29 60 02 00 00 11 
81 29 60 02 00 00 11 
41 87 60 04 08 B1 
81 7B 60 02 00 4C 
81 7B 60 02 00 4C 
81 7B 60 02 00 481 29 60 02 00 00 11 
81 7B 60 02 00 4C 
81 7B 60 02 00 4C 
801 00 00 00 00 00 00 95 
A1 8D 60 01 00 00 00 00 00 00 95 
A1 81 29 60 02 00 00 11 
81 7B 60 02 00 4C 
81 7B 60 02 00 4C 
80 00 00 00 00 95 
A1 8D 60 01 00 00 00 00 00 00 95 
A1 8D 60 081 29 60 02 00 00 11 
81 7B 60 02 00 4C 
81 7B 60 02 00 4C 
80 4C 
81 3B 60 04 00 6D 
81 3B 60 04 00 6D 
81 3B 60 04 00 6D81 7B 60 02 00 4C 
81 7B 60 02 00 4C 
81 7B 60 02 00 4C 
81 241 87 60 04 08 B1 
81 29 60 02 00 00 11 
81 7B 60 02 00 4C 
8 7B 60 02 00 4C 
81 7B 60 02 00 4C 
81 29 60 02 00 00 11 
81  
81 7B 60 02 00 4C 
81 29 60 02 00 00 11 
81 29 60 02 00 00 
81 7B 60 02 00 4C 
81 29 60 02 00 00 11 
81 3B 60 04 00 6D 
81 3B 60 04 00 6D 
81 3B 60 04 00 6D 
81 7B 60 02 00 4C 
81 781 29 60 02 00 00 11 
41 87 60 04 08 B1 
81 7B 60 02 00 4C 
881 29 60 02 00 00 11 
81 29 60 02 00 00 11 
81 7B 60 02 00 4C C 
81 7B 60 02 00 4C 
81 29 60 02 00 00 11 
81 7B 60 02 00 4C 00 4C 
81 29 60 02 00 00 11 
81 29 60 02 00 00 11 
81 7B 60 02 00 4C 
81 7B 60 02 00 4C 
81 7B 60 02 00 4C 
81 3B 60 04 081 29 60 02 00 00 11 
81 7B 60 02 00 4C 
81 7B 60 02 00 4C 
881 29 60 02 00 00 11 
41 87 60 04 08 B1 
81 7B 60 02 00 4C 
8 4C 
81 7B 60 02 00 4C 
81 29 60 02 00 00 11 
81 29 60 02 00 81 7B 60 02 00 4C 
81 7B 60 02 00 4C 
81 7B 60 02 00 4C 
81 20 11 
81 7B 60 02 00 4C 
81 7B 60 02 00 4C 
81 7B 60 02 00 4C81 29 60 02 00 00 11 
81 29 60 02 00 00 11 
81 3B 60 04 00 6D  60 02 00 4C 
81 7B 60 02 00 4C 
81 7B 60 02 00 4C 
81 29 60 81 7B 60 02 00 4C 
81 7B 60 02 00 4C 
81 7B 60 02 00 4C 
41 881 29 60 02 00 00 11 
81 7B 60 02 00 4C 
81 7B 60 02 00 4C 
802 00 4C 
81 29 60 02 00 00 11 
81 29 60 02 00 00 11 
81 7B 681 29 60 02 00 00 11 
81 7B 60 02 00 4C 
81 7B 60 02 00 4C 
881 29 60 02 00 00 11 
81 3B 60 04 00 6D 
81 3B 60 04 00 6D 
81 3B 60 04 00 6D 
81 29 60 02 00 00 11 
81 7B 60 02 00 4C 
810 4C 
81 7B 60 02 00 4C 
41 87 60 04 08 B1 
81 29 60 02 00 0081 7B 60 02 00 4C 
81 7B 60 02 00 4C 
81 7B 60 02 00 4C 
81 281 7B 60 02 00 4C 
81 7B 60 02 00 4C 
81 7B 60 02 00 4C 
81 281 29 60 02 00 00 11 
81 7B 60 02 00 4C 
81 7B 60 02 00 4C 
881 29 60 02 00 00 11 
81 3B 60 04 00 6D 
81 3B 60 04 00 6D 
81 3B 60 04 00 6D 
81 7B 60 02 00 4C 
81 7B 60 02 00 4C 
81 7B 00 4C 
81 29 60 02 00 00 11 
81 29 60 02 00 00 11 
81 7B 60 0 02 00 4C 
41 87 60 04 08 B1 
81 29 60 02 00 00 11 
81 7B 6081 29 60 02 00 00 11 
81 29 60 02 00 00 11 
81 7B 60 02 00 4C 81 29 60 02 00 00 11 
81 7B 60 02 00 4C 
81 7B 60 02 00 4C 
881 29 60 02 00 00 11 
81 3B 60 04 00 6D 
81 3B 60 04 00 6D 
81 3B 60 04 00 6D 
81 7B 60 02 00 4C 
81 7B 60 02 00 4C 
81 7B60 02 00 4C 
81 29 60 02 00 00 11 
41 87 60 04 08 B1 
81 29 681 7B 60 02 00 4C 
81 7B 60 02 00 4C 
81 7B 60 02 00 4C 
81 29 60 02 00 00 11 
81 7B 60 02 00 4C 
81 7B 60 02 00 4C 
81 7B81 29 60 02 00 00 11 
81 29 60 02 00 00 11 
81 7B 60 02 00 4C 2 00 4C 
81 7B 60 02 00 4C 
81 29 60 02 00 00 11 
81 7B 60 02 60 02 00 4C 
81 3B 60 04 00 6D 
81 3B 60 04 00 6D 
81 3B 60 81 29 60 02 00 00 11 
81 7B 60 02 00 4C 
81 7B 60 02 00 4C 
881 29 60 02 00 00 11 
41 87 60 04 08 B1 
81 29 60 02 00 00 11 81 7B 60 02 00 4C 
81 7B 60 02 00 4C 
81 7B 60 02 00 4C 
81 281 7B 60 02 00 4C 
81 7B 60 02 00 4C 
81 7B 60 02 00 4C 
81 202 00 00 11 
81 29 60 02 00 00 11 
81 7B 60 02 00 4C 
81 7B 6B 60 02 00 4C 
81 3B 60 04 00 6D 
81 3B 60 04 00 6D 
81 3B 6081 7B 60 02 00 4C 
81 7B 60 02 00 4C 
81 7B 60 02 00 4C 
81 241 87 60 04 08 B1 
81 29 60 02 00 00 11 
81 7B 60 02 00 4C 
81 7B 60 02 00 4C 
81 7B 60 02 00 4C 
81 29 60 02 00 00 11 
81 02 00 4C 
81 7B 60 02 00 4C 
81 29 60 02 00 00 11 
81 7B 60 02 00 4C 
81 7B 60 02 00 4C 
81 7B 60 02 00 4C 
81 29 60 02 00 00 11 
81 29 60 02 00 00 11 
81 7B 60 02 00 4C 
81 7B 60 02
81 3B 60 04 00 6D 
81 3B 60 04 00 6D 
81 3B 60 04 00 6D 
81 29 60 02 00 00 11 
81 7B 60 02 00 4C 
81 7B 60 02 00 4C 
81 41 87 60 04 08 B1 
81 29 60 02 00 00 11 
81 29 60 02 00 00 11 
81 7B 60 02 00 4C 
81 7B 60 02 00 4C 
81 7B 60 02 00 4C 
8181 7B 60 02 00 4C 
81 7B 60 02 00 4C 
81 7B 60 02 00 4C 
81 29 60 02 00 00 11 
81 7B 60 02 00 4C 
81 7B 60 02 00 4C 
81 7B 
81 29 60 02 00 00 11 
81 3B 60 04 00 6D 
81 3B 60 04 00 6D 
81 3B 60 04 00 6D 
81 29 60 02 00 00 11 
81 7B 60 02 00 4C 81 29 60 02 00 00 11 
41 87 60 04 08 B1 
81 7B 60 02 00 4C 
81 7B 60 02 00 4C 
81 7B 60 02 00 4C 
81 29 60 02 00 00 11 
8181 7B 60 02 00 4C 
81 7B 60 02 00 4C 
81 7B 60 02 00 4C 
81 20 11 
81 7B 60 02 00 4C 
81 7B 60 02 00 4C 
81 7B 60 02 00 4C81 29 60 02 00 00 11 
81 7B 60 02 00 4C 
81 7B 60 02 00 4C 
8 3B 60 04 00 6D 
81 3B 60 04 00 6D 
81 29 60 02 00 00 11 
81 60 02 00 4C 
81 7B 60 02 00 4C 
41 87 60 04 08 B1 
81 29 60 02 00 00 11 
81 7B 60 02 00 4C 
81 7B 60 02 00 4C 
81 7B 60 0281 29 60 02 00 00 11 
81 29 60 02 00 00 11 
81 7B 60 02 00 4C 
81 7B 60 02 00 4C 
81 7B 60 02 00 4C 
81 29 60 02 00 00 11 81 7B 60 02 00 4C 
81 7B 60 02 00 4C 
81 7B 60 02 00 4C 
81 281 3B 60 04 00 6D 
81 3B 60 04 00 6D 
81 3B 60 04 00 6D 
81 29 60 02 00 00 11 
81 7B 60 02 00 4C 
81 7B 60 02 00 4C 
81 7B 60 02 00 4C 
41 87 60 04 08 B1 
81 29 60 02 00 00 11 
81 7B 
81 7B 60 02 00 4C 
81 29 60 02 00 00 11 
81 7B 60 02 00 4C 
81 7B 60 02 00 4C 
81 7B 60 02 00 4C 
81 29 60 02 00 00 11 
8 29 60 02 00 00 11 
81 7B 60 02 00 4C 
81 7B 60 02 00 4C 
81 7B 60 02 00 4C 
81 29 60 02 00 00 11 
81 7B 60 02 00 4C 
81 781 3B 60 04 00 6D 
81 3B 60 04 00 6D 
81 3B 60 04 00 6D 
81 281 29 60 02 00 00 11 
81 7B 60 02 00 4C 
81 7B 60 02 00 4C 
81 7B 60 02 00 4C 
41 87 60 04 08 B1 
81 29 60 02 00 00 11 
81 4C 
81 29 60 02 00 00 11 
81 7B 60 02 00 4C 
81 7B 60 02 00 81 29 60 02 00 00 11 
81 29 60 02 00 00 11 
81 7B 60 02 00 4C 7B 60 02 00 4C 
81 7B 60 02 00 4C 
81 29 60 02 00 00 11 
81 33B 60 04 00 6D 
81 7B 60 02 00 4C 
81 7B 60 02 00 4C 
81 7B 681 29 60 02 00 00 11 
41 87 60 04 08 B1 
81 29 60 02 00 00 11 81 7B 60 02 00 4C 
81 7B 60 02 00 4C 
81 7B 60 02 00 4C 
81 281 7B 60 02 00 4C 
81 7B 60 02 00 4C 
81 7B 60 02 00 4C 
81 2